# JRE version: Java(TM) SE Runtime Environment (8.0_251-b08) (build 1.8.0_251-b08)
# Java VM: Java HotSpot(TM) 64-Bit Server VM (25.251-b08 mixed mode windows-amd64 compressed oops)
Heap:
 PSYoungGen      total 891392K, used 306918K [0x000000076b500000, 0x00000007a5100000, 0x00000007c0000000)
  eden space 856064K, 31% used [0x000000076b500000,0x000000077be41a10,0x000000079f900000)
  from space 35328K, 99% used [0x00000007a2100000,0x00000007a4378080,0x00000007a4380000)
  to   space 40960K, 0% used [0x000000079f900000,0x000000079f900000,0x00000007a2100000)
 ParOldGen       total 286720K, used 65950K [0x00000006c1e00000, 0x00000006d3600000, 0x000000076b500000)
  object space 286720K, 23% used [0x00000006c1e00000,0x00000006c5e67a38,0x00000006d3600000)
 Metaspace       used 97826K, capacity 103690K, committed 103936K, reserved 1138688K
  class space    used 13309K, capacity 14242K, committed 14336K, reserved 1048576K
GC Heap History (10 events):
Event: 65.918 GC heap before
{Heap before GC invocations=18 (full 4):
 PSYoungGen      total 595968K, used 11928K [0x000000076b500000, 0x0000000792600000, 0x00000007c0000000)
  eden space 583680K, 0% used [0x000000076b500000,0x000000076b500000,0x000000078ef00000)
  from space 12288K, 97% used [0x0000000791a00000,0x00000007925a6330,0x0000000792600000)
  to   space 25088K, 0% used [0x000000078f500000,0x000000078f500000,0x0000000790d80000)
 ParOldGen       total 212480K, used 70285K [0x00000006c1e00000, 0x00000006ced80000, 0x000000076b500000)
  object space 212480K, 33% used [0x00000006c1e00000,0x00000006c62a3510,0x00000006ced80000)
 Metaspace       used 93238K, capacity 98282K, committed 98380K, reserved 1134592K
  class space    used 12767K, capacity 13600K, committed 13696K, reserved 1048576K
Event: 66.128 GC heap after
Heap after GC invocations=18 (full 4):
 PSYoungGen      total 595968K, used 0K [0x000000076b500000, 0x0000000792600000, 0x00000007c0000000)
  eden space 583680K, 0% used [0x000000076b500000,0x000000076b500000,0x000000078ef00000)
  from space 12288K, 0% used [0x0000000791a00000,0x0000000791a00000,0x0000000792600000)
  to   space 25088K, 0% used [0x000000078f500000,0x000000078f500000,0x0000000790d80000)
 ParOldGen       total 286720K, used 54785K [0x00000006c1e00000, 0x00000006d3600000, 0x000000076b500000)
  object space 286720K, 19% used [0x00000006c1e00000,0x00000006c5380668,0x00000006d3600000)
 Metaspace       used 93238K, capacity 98282K, committed 98380K, reserved 1134592K
  class space    used 12767K, capacity 13600K, committed 13696K, reserved 1048576K
}
Event: 119.190 GC heap before
{Heap before GC invocations=19 (full 4):
 PSYoungGen      total 595968K, used 583680K [0x000000076b500000, 0x0000000792600000, 0x00000007c0000000)
  eden space 583680K, 100% used [0x000000076b500000,0x000000078ef00000,0x000000078ef00000)
  from space 12288K, 0% used [0x0000000791a00000,0x0000000791a00000,0x0000000792600000)
  to   space 25088K, 0% used [0x000000078f500000,0x000000078f500000,0x0000000790d80000)
 ParOldGen       total 286720K, used 54785K [0x00000006c1e00000, 0x00000006d3600000, 0x000000076b500000)
  object space 286720K, 19% used [0x00000006c1e00000,0x00000006c5380668,0x00000006d3600000)
 Metaspace       used 94226K, capacity 99558K, committed 99788K, reserved 1134592K
  class space    used 12881K, capacity 13742K, committed 13824K, reserved 1048576K
Event: 119.216 GC heap after
Heap after GC invocations=19 (full 4):
 PSYoungGen      total 614912K, used 23356K [0x000000076b500000, 0x000000079bc80000, 0x00000007c0000000)
  eden space 589824K, 0% used [0x000000076b500000,0x000000076b500000,0x000000078f500000)
  from space 25088K, 93% used [0x000000078f500000,0x0000000790bcf258,0x0000000790d80000)
  to   space 27648K, 0% used [0x000000079a180000,0x000000079a180000,0x000000079bc80000)
 ParOldGen       total 286720K, used 54793K [0x00000006c1e00000, 0x00000006d3600000, 0x000000076b500000)
  object space 286720K, 19% used [0x00000006c1e00000,0x00000006c5382668,0x00000006d3600000)
 Metaspace       used 94226K, capacity 99558K, committed 99788K, reserved 1134592K
  class space    used 12881K, capacity 13742K, committed 13824K, reserved 1048576K
}
Event: 121.671 GC heap before
{Heap before GC invocations=20 (full 4):
 PSYoungGen      total 614912K, used 613180K [0x000000076b500000, 0x000000079bc80000, 0x00000007c0000000)
  eden space 589824K, 100% used [0x000000076b500000,0x000000078f500000,0x000000078f500000)
  from space 25088K, 93% used [0x000000078f500000,0x0000000790bcf258,0x0000000790d80000)
  to   space 27648K, 0% used [0x000000079a180000,0x000000079a180000,0x000000079bc80000)
 ParOldGen       total 286720K, used 54793K [0x00000006c1e00000, 0x00000006d3600000, 0x000000076b500000)
  object space 286720K, 19% used [0x00000006c1e00000,0x00000006c5382668,0x00000006d3600000)
 Metaspace       used 94450K, capacity 99998K, committed 100096K, reserved 1136640K
  class space    used 12910K, capacity 13792K, committed 13824K, reserved 1048576K
Event: 121.721 GC heap after
Heap after GC invocations=20 (full 4):
 PSYoungGen      total 762368K, used 27616K [0x000000076b500000, 0x000000079dc00000, 0x00000007c0000000)
  eden space 734720K, 0% used [0x000000076b500000,0x000000076b500000,0x0000000798280000)
  from space 27648K, 99% used [0x000000079a180000,0x000000079bc78040,0x000000079bc80000)
  to   space 31744K, 0% used [0x0000000798280000,0x0000000798280000,0x000000079a180000)
 ParOldGen       total 286720K, used 55875K [0x00000006c1e00000, 0x00000006d3600000, 0x000000076b500000)
  object space 286720K, 19% used [0x00000006c1e00000,0x00000006c5490d70,0x00000006d3600000)
 Metaspace       used 94450K, capacity 99998K, committed 100096K, reserved 1136640K
  class space    used 12910K, capacity 13792K, committed 13824K, reserved 1048576K
}
Event: 149.343 GC heap before
{Heap before GC invocations=21 (full 4):
 PSYoungGen      total 762368K, used 762336K [0x000000076b500000, 0x000000079dc00000, 0x00000007c0000000)
  eden space 734720K, 100% used [0x000000076b500000,0x0000000798280000,0x0000000798280000)
  from space 27648K, 99% used [0x000000079a180000,0x000000079bc78040,0x000000079bc80000)
  to   space 31744K, 0% used [0x0000000798280000,0x0000000798280000,0x000000079a180000)
 ParOldGen       total 286720K, used 55875K [0x00000006c1e00000, 0x00000006d3600000, 0x000000076b500000)
  object space 286720K, 19% used [0x00000006c1e00000,0x00000006c5490d70,0x00000006d3600000)
 Metaspace       used 95286K, capacity 101054K, committed 101248K, reserved 1136640K
  class space    used 12949K, capacity 13882K, committed 13952K, reserved 1048576K
Event: 149.412 GC heap after
Heap after GC invocations=21 (full 4):
 PSYoungGen      total 766464K, used 29382K [0x000000076b500000, 0x00000007a4380000, 0x00000007c0000000)
  eden space 734720K, 0% used [0x000000076b500000,0x000000076b500000,0x0000000798280000)
  from space 31744K, 92% used [0x0000000798280000,0x0000000799f31b80,0x000000079a180000)
  to   space 35328K, 0% used [0x00000007a2100000,0x00000007a2100000,0x00000007a4380000)
 ParOldGen       total 286720K, used 63628K [0x00000006c1e00000, 0x00000006d3600000, 0x000000076b500000)
  object space 286720K, 22% used [0x00000006c1e00000,0x00000006c5c23098,0x00000006d3600000)
 Metaspace       used 95286K, capacity 101054K, committed 101248K, reserved 1136640K
  class space    used 12949K, capacity 13882K, committed 13952K, reserved 1048576K
}
Event: 152.589 GC heap before
{Heap before GC invocations=22 (full 4):
 PSYoungGen      total 766464K, used 764102K [0x000000076b500000, 0x00000007a4380000, 0x00000007c0000000)
  eden space 734720K, 100% used [0x000000076b500000,0x0000000798280000,0x0000000798280000)
  from space 31744K, 92% used [0x0000000798280000,0x0000000799f31b80,0x000000079a180000)
  to   space 35328K, 0% used [0x00000007a2100000,0x00000007a2100000,0x00000007a4380000)
 ParOldGen       total 286720K, used 63628K [0x00000006c1e00000, 0x00000006d3600000, 0x000000076b500000)
  object space 286720K, 22% used [0x00000006c1e00000,0x00000006c5c23098,0x00000006d3600000)
 Metaspace       used 95357K, capacity 101102K, committed 101248K, reserved 1136640K
  class space    used 12956K, capacity 13890K, committed 13952K, reserved 1048576K
Event: 152.628 GC heap after
Heap after GC invocations=22 (full 4):
 PSYoungGen      total 891392K, used 35296K [0x000000076b500000, 0x00000007a5100000, 0x00000007c0000000)
  eden space 856064K, 0% used [0x000000076b500000,0x000000076b500000,0x000000079f900000)
  from space 35328K, 99% used [0x00000007a2100000,0x00000007a4378080,0x00000007a4380000)
  to   space 40960K, 0% used [0x000000079f900000,0x000000079f900000,0x00000007a2100000)
 ParOldGen       total 286720K, used 65950K [0x00000006c1e00000, 0x00000006d3600000, 0x000000076b500000)
  object space 286720K, 23% used [0x00000006c1e00000,0x00000006c5e67a38,0x00000006d3600000)
 Metaspace       used 95357K, capacity 101102K, committed 101248K, reserved 1136640K
  class space    used 12956K, capacity 13890K, committed 13952K, reserved 1048576K
}

